2019-07-15 14:31:05,827 - Velocimacro : Default library not found.
2019-07-15 14:31:05,828 - Velocimacro : allowInline = true : VMs can be defined inline in templates
2019-07-15 14:31:05,828 - Velocimacro : allowInlineToOverride = false : VMs defined inline may NOT replace previous VM definitions
2019-07-15 14:31:05,828 - Velocimacro : allowInlineLocal = false : VMs defined inline will be global in scope if allowed.
2019-07-15 14:31:05,828 - Velocimacro : autoload off : VM system will not automatically reload global library macros
2019-07-15 14:31:05,846 - ResourceManager : found /templates/entity.java.vm with loader org.apache.velocity.runtime.resource.loader.ClasspathResourceLoader
2019-07-15 14:31:05,854 - Left side (${versionFieldName}) of '==' operation has null value. If it is a reference, it may not be in the context or its toString() returned null. /templates/entity.java.vm[line 76, column 26]
2019-07-15 14:31:05,855 - Left side (${logicDeleteFieldName}) of '==' operation has null value. If it is a reference, it may not be in the context or its toString() returned null. /templates/entity.java.vm[line 80, column 30]
2019-07-15 14:31:05,855 - Left side (${versionFieldName}) of '==' operation has null value. If it is a reference, it may not be in the context or its toString() returned null. /templates/entity.java.vm[line 76, column 26]
2019-07-15 14:31:05,855 - Left side (${logicDeleteFieldName}) of '==' operation has null value. If it is a reference, it may not be in the context or its toString() returned null. /templates/entity.java.vm[line 80, column 30]
2019-07-15 14:31:05,855 - Left side (${versionFieldName}) of '==' operation has null value. If it is a reference, it may not be in the context or its toString() returned null. /templates/entity.java.vm[line 76, column 26]
2019-07-15 14:31:05,855 - Left side (${logicDeleteFieldName}) of '==' operation has null value. If it is a reference, it may not be in the context or its toString() returned null. /templates/entity.java.vm[line 80, column 30]
2019-07-15 14:31:05,855 - Left side (${versionFieldName}) of '==' operation has null value. If it is a reference, it may not be in the context or its toString() returned null. /templates/entity.java.vm[line 76, column 26]
2019-07-15 14:31:05,855 - Left side (${logicDeleteFieldName}) of '==' operation has null value. If it is a reference, it may not be in the context or its toString() returned null. /templates/entity.java.vm[line 80, column 30]
2019-07-15 14:31:05,855 - Left side (${versionFieldName}) of '==' operation has null value. If it is a reference, it may not be in the context or its toString() returned null. /templates/entity.java.vm[line 76, column 26]
2019-07-15 14:31:05,855 - Left side (${logicDeleteFieldName}) of '==' operation has null value. If it is a reference, it may not be in the context or its toString() returned null. /templates/entity.java.vm[line 80, column 30]
2019-07-15 14:31:05,865 - ResourceManager : found /templates/mapper.java.vm with loader org.apache.velocity.runtime.resource.loader.ClasspathResourceLoader
2019-07-15 14:31:05,869 - ResourceManager : found /templates/mapper.xml.vm with loader org.apache.velocity.runtime.resource.loader.ClasspathResourceLoader
2019-07-15 14:31:05,875 - ResourceManager : found /templates/service.java.vm with loader org.apache.velocity.runtime.resource.loader.ClasspathResourceLoader
2019-07-15 14:31:05,881 - ResourceManager : found /templates/serviceImpl.java.vm with loader org.apache.velocity.runtime.resource.loader.ClasspathResourceLoader
2019-07-15 14:31:05,885 - ResourceManager : found /templates/controller.java.vm with loader org.apache.velocity.runtime.resource.loader.ClasspathResourceLoader
2019-07-15 15:02:42,468 - Log4JLogChute initialized using file 'velocity.log'
2019-07-15 15:02:42,468 - Initializing Velocity, Calling init()...
2019-07-15 15:02:42,468 - Starting Apache Velocity v1.7 (compiled: 2010-11-19 12:14:37)
2019-07-15 15:02:42,468 - Default Properties File: org\apache\velocity\runtime\defaults\velocity.properties
2019-07-15 15:02:42,468 - Trying to use logger class org.apache.velocity.runtime.log.AvalonLogChute
2019-07-15 15:02:42,468 - Target log system for org.apache.velocity.runtime.log.AvalonLogChute is not available (java.lang.NoClassDefFoundError: org/apache/log/format/Formatter).  Falling back to next log system...
2019-07-15 15:02:42,468 - Trying to use logger class org.apache.velocity.runtime.log.Log4JLogChute
2019-07-15 15:02:42,468 - Using logger class org.apache.velocity.runtime.log.Log4JLogChute
2019-07-15 15:02:42,471 - ResourceLoader instantiated: org.apache.velocity.runtime.resource.loader.ClasspathResourceLoader
2019-07-15 15:02:42,479 - ResourceCache: initialized (class org.apache.velocity.runtime.resource.ResourceCacheImpl) with class java.util.Collections$SynchronizedMap cache map.
2019-07-15 15:02:42,479 - Loaded System Directive: org.apache.velocity.runtime.directive.Stop
2019-07-15 15:02:42,480 - Loaded System Directive: org.apache.velocity.runtime.directive.Define
2019-07-15 15:02:42,480 - Loaded System Directive: org.apache.velocity.runtime.directive.Break
2019-07-15 15:02:42,481 - Loaded System Directive: org.apache.velocity.runtime.directive.Evaluate
2019-07-15 15:02:42,481 - Loaded System Directive: org.apache.velocity.runtime.directive.Literal
2019-07-15 15:02:42,482 - Loaded System Directive: org.apache.velocity.runtime.directive.Macro
2019-07-15 15:02:42,482 - Loaded System Directive: org.apache.velocity.runtime.directive.Parse
2019-07-15 15:02:42,484 - Loaded System Directive: org.apache.velocity.runtime.directive.Include
2019-07-15 15:02:42,484 - Loaded System Directive: org.apache.velocity.runtime.directive.Foreach
2019-07-15 15:02:42,505 - Created '20' parsers.
2019-07-15 15:02:42,510 - Velocimacro : "velocimacro.library" is not set.  Trying default library: VM_global_library.vm
2019-07-15 15:02:42,510 - Could not load resource 'VM_global_library.vm' from ResourceLoader org.apache.velocity.runtime.resource.loader.ClasspathResourceLoader: ClasspathResourceLoader Error: cannot find resource VM_global_library.vm
2019-07-15 15:02:42,510 - Velocimacro : Default library not found.
2019-07-15 15:02:42,510 - Velocimacro : allowInline = true : VMs can be defined inline in templates
2019-07-15 15:02:42,510 - Velocimacro : allowInlineToOverride = false : VMs defined inline may NOT replace previous VM definitions
2019-07-15 15:02:42,510 - Velocimacro : allowInlineLocal = false : VMs defined inline will be global in scope if allowed.
2019-07-15 15:02:42,510 - Velocimacro : autoload off : VM system will not automatically reload global library macros
2019-07-15 15:02:42,528 - ResourceManager : found /templates/entity.java.vm with loader org.apache.velocity.runtime.resource.loader.ClasspathResourceLoader
2019-07-15 15:02:42,536 - Left side (${versionFieldName}) of '==' operation has null value. If it is a reference, it may not be in the context or its toString() returned null. /templates/entity.java.vm[line 76, column 26]
2019-07-15 15:02:42,536 - Left side (${logicDeleteFieldName}) of '==' operation has null value. If it is a reference, it may not be in the context or its toString() returned null. /templates/entity.java.vm[line 80, column 30]
2019-07-15 15:02:42,536 - Left side (${versionFieldName}) of '==' operation has null value. If it is a reference, it may not be in the context or its toString() returned null. /templates/entity.java.vm[line 76, column 26]
2019-07-15 15:02:42,536 - Left side (${logicDeleteFieldName}) of '==' operation has null value. If it is a reference, it may not be in the context or its toString() returned null. /templates/entity.java.vm[line 80, column 30]
2019-07-15 15:02:42,536 - Left side (${versionFieldName}) of '==' operation has null value. If it is a reference, it may not be in the context or its toString() returned null. /templates/entity.java.vm[line 76, column 26]
2019-07-15 15:02:42,536 - Left side (${logicDeleteFieldName}) of '==' operation has null value. If it is a reference, it may not be in the context or its toString() returned null. /templates/entity.java.vm[line 80, column 30]
2019-07-15 15:02:42,537 - Left side (${versionFieldName}) of '==' operation has null value. If it is a reference, it may not be in the context or its toString() returned null. /templates/entity.java.vm[line 76, column 26]
2019-07-15 15:02:42,537 - Left side (${logicDeleteFieldName}) of '==' operation has null value. If it is a reference, it may not be in the context or its toString() returned null. /templates/entity.java.vm[line 80, column 30]
2019-07-15 15:02:42,548 - ResourceManager : found /templates/mapper.java.vm with loader org.apache.velocity.runtime.resource.loader.ClasspathResourceLoader
2019-07-15 15:02:42,551 - ResourceManager : found /templates/mapper.xml.vm with loader org.apache.velocity.runtime.resource.loader.ClasspathResourceLoader
2019-07-15 15:02:42,557 - ResourceManager : found /templates/service.java.vm with loader org.apache.velocity.runtime.resource.loader.ClasspathResourceLoader
2019-07-15 15:02:42,560 - ResourceManager : found /templates/serviceImpl.java.vm with loader org.apache.velocity.runtime.resource.loader.ClasspathResourceLoader
2019-07-15 15:02:42,564 - ResourceManager : found /templates/controller.java.vm with loader org.apache.velocity.runtime.resource.loader.ClasspathResourceLoader
2020-04-15 09:17:04,030 - Log4JLogChute initialized using file 'velocity.log'
2020-04-15 09:17:04,031 - Initializing Velocity, Calling init()...
2020-04-15 09:17:04,031 - Starting Apache Velocity v1.7 (compiled: 2010-11-19 12:14:37)
2020-04-15 09:17:04,031 - Default Properties File: org\apache\velocity\runtime\defaults\velocity.properties
2020-04-15 09:17:04,032 - Trying to use logger class org.apache.velocity.runtime.log.AvalonLogChute
2020-04-15 09:17:04,032 - Target log system for org.apache.velocity.runtime.log.AvalonLogChute is not available (java.lang.NoClassDefFoundError: org/apache/log/format/Formatter).  Falling back to next log system...
2020-04-15 09:17:04,032 - Trying to use logger class org.apache.velocity.runtime.log.Log4JLogChute
2020-04-15 09:17:04,032 - Using logger class org.apache.velocity.runtime.log.Log4JLogChute
2020-04-15 09:17:04,037 - ResourceLoader instantiated: org.apache.velocity.runtime.resource.loader.ClasspathResourceLoader
2020-04-15 09:17:04,054 - ResourceCache: initialized (class org.apache.velocity.runtime.resource.ResourceCacheImpl) with class java.util.Collections$SynchronizedMap cache map.
2020-04-15 09:17:04,055 - Loaded System Directive: org.apache.velocity.runtime.directive.Stop
2020-04-15 09:17:04,055 - Loaded System Directive: org.apache.velocity.runtime.directive.Define
2020-04-15 09:17:04,056 - Loaded System Directive: org.apache.velocity.runtime.directive.Break
2020-04-15 09:17:04,056 - Loaded System Directive: org.apache.velocity.runtime.directive.Evaluate
2020-04-15 09:17:04,057 - Loaded System Directive: org.apache.velocity.runtime.directive.Literal
2020-04-15 09:17:04,058 - Loaded System Directive: org.apache.velocity.runtime.directive.Macro
2020-04-15 09:17:04,059 - Loaded System Directive: org.apache.velocity.runtime.directive.Parse
2020-04-15 09:17:04,059 - Loaded System Directive: org.apache.velocity.runtime.directive.Include
2020-04-15 09:17:04,060 - Loaded System Directive: org.apache.velocity.runtime.directive.Foreach
2020-04-15 09:17:04,083 - Created '20' parsers.
2020-04-15 09:17:04,086 - Velocimacro : "velocimacro.library" is not set.  Trying default library: VM_global_library.vm
2020-04-15 09:17:04,086 - Could not load resource 'VM_global_library.vm' from ResourceLoader org.apache.velocity.runtime.resource.loader.ClasspathResourceLoader: ClasspathResourceLoader Error: cannot find resource VM_global_library.vm
2020-04-15 09:17:04,087 - Velocimacro : Default library not found.
2020-04-15 09:17:04,087 - Velocimacro : allowInline = true : VMs can be defined inline in templates
2020-04-15 09:17:04,087 - Velocimacro : allowInlineToOverride = false : VMs defined inline may NOT replace previous VM definitions
2020-04-15 09:17:04,087 - Velocimacro : allowInlineLocal = false : VMs defined inline will be global in scope if allowed.
2020-04-15 09:17:04,087 - Velocimacro : autoload off : VM system will not automatically reload global library macros
2020-04-15 09:17:04,108 - ResourceManager : found /templates/entity.java.vm with loader org.apache.velocity.runtime.resource.loader.ClasspathResourceLoader
2020-04-15 09:17:04,123 - Left side (${versionFieldName}) of '==' operation has null value. If it is a reference, it may not be in the context or its toString() returned null. /templates/entity.java.vm[line 76, column 26]
2020-04-15 09:17:04,123 - Left side (${logicDeleteFieldName}) of '==' operation has null value. If it is a reference, it may not be in the context or its toString() returned null. /templates/entity.java.vm[line 80, column 30]
2020-04-15 09:17:04,123 - Left side (${versionFieldName}) of '==' operation has null value. If it is a reference, it may not be in the context or its toString() returned null. /templates/entity.java.vm[line 76, column 26]
2020-04-15 09:17:04,123 - Left side (${logicDeleteFieldName}) of '==' operation has null value. If it is a reference, it may not be in the context or its toString() returned null. /templates/entity.java.vm[line 80, column 30]
2020-04-15 09:17:04,130 - ResourceManager : found /templates/mapper.java.vm with loader org.apache.velocity.runtime.resource.loader.ClasspathResourceLoader
2020-04-15 09:17:04,135 - ResourceManager : found /templates/mapper.xml.vm with loader org.apache.velocity.runtime.resource.loader.ClasspathResourceLoader
2020-04-15 09:17:04,141 - ResourceManager : found /templates/service.java.vm with loader org.apache.velocity.runtime.resource.loader.ClasspathResourceLoader
2020-04-15 09:17:04,149 - ResourceManager : found /templates/serviceImpl.java.vm with loader org.apache.velocity.runtime.resource.loader.ClasspathResourceLoader
2020-04-15 09:17:04,153 - ResourceManager : found /templates/controller.java.vm with loader org.apache.velocity.runtime.resource.loader.ClasspathResourceLoader
